21-Jan-2024 17:06:45.133 情報 [main] org.apache.catalina.core.ApplicationContext.log ContextListener: contextInitialized()
21-Jan-2024 17:06:45.133 情報 [main] org.apache.catalina.core.ApplicationContext.log SessionListener: contextInitialized()
21-Jan-2024 17:06:45.134 情報 [main] org.apache.catalina.core.ApplicationContext.log ContextListener: attributeAdded('StockTicker', 'async.Stockticker@2c177f9e')
21-Jan-2024 17:24:27.672 情報 [main] org.apache.catalina.core.ApplicationContext.log SessionListener: contextDestroyed()
21-Jan-2024 17:24:27.673 情報 [main] org.apache.catalina.core.ApplicationContext.log ContextListener: contextDestroyed()
21-Jan-2024 17:25:34.818 情報 [main] org.apache.catalina.core.ApplicationContext.log ContextListener: contextInitialized()
21-Jan-2024 17:25:34.818 情報 [main] org.apache.catalina.core.ApplicationContext.log SessionListener: contextInitialized()
21-Jan-2024 17:25:34.819 情報 [main] org.apache.catalina.core.ApplicationContext.log ContextListener: attributeAdded('StockTicker', 'async.Stockticker@3bd7f8dc')
21-Jan-2024 17:30:20.961 情報 [main] org.apache.catalina.core.ApplicationContext.log SessionListener: contextDestroyed()
21-Jan-2024 17:30:20.961 情報 [main] org.apache.catalina.core.ApplicationContext.log ContextListener: contextDestroyed()
21-Jan-2024 17:31:36.070 情報 [main] org.apache.catalina.core.ApplicationContext.log ContextListener: contextInitialized()
21-Jan-2024 17:31:36.070 情報 [main] org.apache.catalina.core.ApplicationContext.log SessionListener: contextInitialized()
21-Jan-2024 17:31:36.072 情報 [main] org.apache.catalina.core.ApplicationContext.log ContextListener: attributeAdded('StockTicker', 'async.Stockticker@2c715e84')
21-Jan-2024 17:41:40.180 情報 [main] org.apache.catalina.core.ApplicationContext.log SessionListener: contextDestroyed()
21-Jan-2024 17:41:40.181 情報 [main] org.apache.catalina.core.ApplicationContext.log ContextListener: contextDestroyed()
21-Jan-2024 17:41:45.874 情報 [main] org.apache.catalina.core.ApplicationContext.log ContextListener: contextInitialized()
21-Jan-2024 17:41:45.874 情報 [main] org.apache.catalina.core.ApplicationContext.log SessionListener: contextInitialized()
21-Jan-2024 17:41:45.876 情報 [main] org.apache.catalina.core.ApplicationContext.log ContextListener: attributeAdded('StockTicker', 'async.Stockticker@47289387')
21-Jan-2024 17:42:15.772 情報 [main] org.apache.catalina.core.ApplicationContext.log ContextListener: contextInitialized()
21-Jan-2024 17:42:15.773 情報 [main] org.apache.catalina.core.ApplicationContext.log SessionListener: contextInitialized()
21-Jan-2024 17:42:15.774 情報 [main] org.apache.catalina.core.ApplicationContext.log ContextListener: attributeAdded('StockTicker', 'async.Stockticker@4a067c25')
21-Jan-2024 17:42:15.855 情報 [main] org.apache.catalina.core.ApplicationContext.log SessionListener: contextDestroyed()
21-Jan-2024 17:42:15.855 情報 [main] org.apache.catalina.core.ApplicationContext.log ContextListener: contextDestroyed()
21-Jan-2024 17:43:29.684 情報 [main] org.apache.catalina.core.ApplicationContext.log ContextListener: contextInitialized()
21-Jan-2024 17:43:29.684 情報 [main] org.apache.catalina.core.ApplicationContext.log SessionListener: contextInitialized()
21-Jan-2024 17:43:29.685 情報 [main] org.apache.catalina.core.ApplicationContext.log ContextListener: attributeAdded('StockTicker', 'async.Stockticker@3bde62ff')
21-Jan-2024 17:43:29.773 情報 [main] org.apache.catalina.core.ApplicationContext.log SessionListener: contextDestroyed()
21-Jan-2024 17:43:29.773 情報 [main] org.apache.catalina.core.ApplicationContext.log ContextListener: contextDestroyed()
21-Jan-2024 17:59:12.445 情報 [main] org.apache.catalina.core.ApplicationContext.log SessionListener: contextDestroyed()
21-Jan-2024 17:59:12.445 情報 [main] org.apache.catalina.core.ApplicationContext.log ContextListener: contextDestroyed()
21-Jan-2024 17:59:31.131 情報 [main] org.apache.catalina.core.ApplicationContext.log ContextListener: contextInitialized()
21-Jan-2024 17:59:31.132 情報 [main] org.apache.catalina.core.ApplicationContext.log SessionListener: contextInitialized()
21-Jan-2024 17:59:31.133 情報 [main] org.apache.catalina.core.ApplicationContext.log ContextListener: attributeAdded('StockTicker', 'async.Stockticker@6b5176f2')
21-Jan-2024 17:59:44.849 情報 [main] org.apache.catalina.core.ApplicationContext.log SessionListener: contextDestroyed()
21-Jan-2024 17:59:44.849 情報 [main] org.apache.catalina.core.ApplicationContext.log ContextListener: contextDestroyed()
21-Jan-2024 18:02:12.125 情報 [main] org.apache.catalina.core.ApplicationContext.log ContextListener: contextInitialized()
21-Jan-2024 18:02:12.126 情報 [main] org.apache.catalina.core.ApplicationContext.log SessionListener: contextInitialized()
21-Jan-2024 18:02:12.128 情報 [main] org.apache.catalina.core.ApplicationContext.log ContextListener: attributeAdded('StockTicker', 'async.Stockticker@70fab835')
21-Jan-2024 18:45:57.887 情報 [main] org.apache.catalina.core.ApplicationContext.log ContextListener: contextInitialized()
21-Jan-2024 18:45:57.887 情報 [main] org.apache.catalina.core.ApplicationContext.log SessionListener: contextInitialized()
21-Jan-2024 18:45:57.891 情報 [main] org.apache.catalina.core.ApplicationContext.log ContextListener: attributeAdded('StockTicker', 'async.Stockticker@72b16078')
21-Jan-2024 18:45:57.955 情報 [main] org.apache.catalina.core.ApplicationContext.log SessionListener: contextDestroyed()
21-Jan-2024 18:45:57.955 情報 [main] org.apache.catalina.core.ApplicationContext.log ContextListener: contextDestroyed()
21-Jan-2024 18:51:57.894 情報 [main] org.apache.catalina.core.ApplicationContext.log SessionListener: contextDestroyed()
21-Jan-2024 18:51:57.894 情報 [main] org.apache.catalina.core.ApplicationContext.log ContextListener: contextDestroyed()
21-Jan-2024 18:52:01.920 情報 [main] org.apache.catalina.core.ApplicationContext.log ContextListener: contextInitialized()
21-Jan-2024 18:52:01.920 情報 [main] org.apache.catalina.core.ApplicationContext.log SessionListener: contextInitialized()
21-Jan-2024 18:52:01.923 情報 [main] org.apache.catalina.core.ApplicationContext.log ContextListener: attributeAdded('StockTicker', 'async.Stockticker@4940809c')
21-Jan-2024 18:57:21.833 情報 [main] org.apache.catalina.core.ApplicationContext.log SessionListener: contextDestroyed()
21-Jan-2024 18:57:21.833 情報 [main] org.apache.catalina.core.ApplicationContext.log ContextListener: contextDestroyed()
21-Jan-2024 18:57:26.996 情報 [main] org.apache.catalina.core.ApplicationContext.log ContextListener: contextInitialized()
21-Jan-2024 18:57:26.996 情報 [main] org.apache.catalina.core.ApplicationContext.log SessionListener: contextInitialized()
21-Jan-2024 18:57:26.997 情報 [main] org.apache.catalina.core.ApplicationContext.log ContextListener: attributeAdded('StockTicker', 'async.Stockticker@138fe6ec')
21-Jan-2024 19:02:10.392 情報 [main] org.apache.catalina.core.ApplicationContext.log SessionListener: contextDestroyed()
21-Jan-2024 19:02:10.392 情報 [main] org.apache.catalina.core.ApplicationContext.log ContextListener: contextDestroyed()
21-Jan-2024 19:02:14.539 情報 [main] org.apache.catalina.core.ApplicationContext.log ContextListener: contextInitialized()
21-Jan-2024 19:02:14.540 情報 [main] org.apache.catalina.core.ApplicationContext.log SessionListener: contextInitialized()
21-Jan-2024 19:02:14.542 情報 [main] org.apache.catalina.core.ApplicationContext.log ContextListener: attributeAdded('StockTicker', 'async.Stockticker@4816c290')
21-Jan-2024 19:10:55.599 情報 [main] org.apache.catalina.core.ApplicationContext.log SessionListener: contextDestroyed()
21-Jan-2024 19:10:55.599 情報 [main] org.apache.catalina.core.ApplicationContext.log ContextListener: contextDestroyed()
21-Jan-2024 19:11:28.191 情報 [main] org.apache.catalina.core.ApplicationContext.log ContextListener: contextInitialized()
21-Jan-2024 19:11:28.191 情報 [main] org.apache.catalina.core.ApplicationContext.log SessionListener: contextInitialized()
21-Jan-2024 19:11:28.192 情報 [main] org.apache.catalina.core.ApplicationContext.log ContextListener: attributeAdded('StockTicker', 'async.Stockticker@5db99216')
21-Jan-2024 19:13:18.418 情報 [main] org.apache.catalina.core.ApplicationContext.log SessionListener: contextDestroyed()
21-Jan-2024 19:13:18.418 情報 [main] org.apache.catalina.core.ApplicationContext.log ContextListener: contextDestroyed()
21-Jan-2024 19:14:00.034 情報 [main] org.apache.catalina.core.ApplicationContext.log ContextListener: contextInitialized()
21-Jan-2024 19:14:00.034 情報 [main] org.apache.catalina.core.ApplicationContext.log SessionListener: contextInitialized()
21-Jan-2024 19:14:00.035 情報 [main] org.apache.catalina.core.ApplicationContext.log ContextListener: attributeAdded('StockTicker', 'async.Stockticker@782a4fff')
21-Jan-2024 19:16:09.383 情報 [main] org.apache.catalina.core.ApplicationContext.log ContextListener: contextInitialized()
21-Jan-2024 19:16:09.383 情報 [main] org.apache.catalina.core.ApplicationContext.log SessionListener: contextInitialized()
21-Jan-2024 19:16:09.385 情報 [main] org.apache.catalina.core.ApplicationContext.log ContextListener: attributeAdded('StockTicker', 'async.Stockticker@644c78d4')
21-Jan-2024 19:16:09.510 情報 [main] org.apache.catalina.core.ApplicationContext.log SessionListener: contextDestroyed()
21-Jan-2024 19:16:09.510 情報 [main] org.apache.catalina.core.ApplicationContext.log ContextListener: contextDestroyed()
21-Jan-2024 19:16:13.878 情報 [main] org.apache.catalina.core.ApplicationContext.log SessionListener: contextDestroyed()
21-Jan-2024 19:16:13.878 情報 [main] org.apache.catalina.core.ApplicationContext.log ContextListener: contextDestroyed()
21-Jan-2024 19:16:17.498 情報 [main] org.apache.catalina.core.ApplicationContext.log ContextListener: contextInitialized()
21-Jan-2024 19:16:17.498 情報 [main] org.apache.catalina.core.ApplicationContext.log SessionListener: contextInitialized()
21-Jan-2024 19:16:17.499 情報 [main] org.apache.catalina.core.ApplicationContext.log ContextListener: attributeAdded('StockTicker', 'async.Stockticker@4940809c')
